Build started 23.03.2018 19:38:36.
     1>Project "D:\Studying\C#\MyNewProjects\C++Lesson4Constructor\C++Lesson4Constructor\C++Lesson4Constructor.vcxproj" on node 2 (build target(s)).
     1>InitializeBuildStatus:
         Creating "Debug\C++Lesson4Constructor.unsuccessfulbuild" because "AlwaysCreate" was specified.
       ClCompile:
         C:\Program Files (x86)\Microsoft Visual Studio 10.0\VC\bin\CL.exe /c /ZI /nologo /W3 /WX- /Od /Oy- /D WIN32 /D _DEBUG /D _CONSOLE /D _UNICODE /D UNICODE /Gm /EHsc /RTC1 /MDd /GS /fp:precise /Zc:wchar_t /Zc:forScope /Fo"Debug\\" /Fd"Debug\vc100.pdb" /Gd /TP /analyze- /errorReport:prompt Array.cpp main.cpp
         main.cpp
         Array.cpp
         Generating Code...
       ManifestResourceCompile:
         All outputs are up-to-date.
       Link:
         C:\Program Files (x86)\Microsoft Visual Studio 10.0\VC\bin\link.exe /ERRORREPORT:PROMPT /OUT:"D:\Studying\C#\MyNewProjects\C++Lesson4Constructor\Debug\C++Lesson4Constructor.exe" /INCREMENTAL /NOLOGO kernel32.lib user32.lib gdi32.lib winspool.lib comdlg32.lib advapi32.lib shell32.lib ole32.lib oleaut32.lib uuid.lib odbc32.lib odbccp32.lib /MANIFEST /ManifestFile:"Debug\C++Lesson4Constructor.exe.intermediate.manifest" /MANIFESTUAC:"level='asInvoker' uiAccess='false'" /DEBUG /PDB:"D:\Studying\C#\MyNewProjects\C++Lesson4Constructor\Debug\C++Lesson4Constructor.pdb" /SUBSYSTEM:CONSOLE /TLBID:1 /DYNAMICBASE /NXCOMPAT /IMPLIB:"D:\Studying\C#\MyNewProjects\C++Lesson4Constructor\Debug\C++Lesson4Constructor.lib" /MACHINE:X86 Debug\C++Lesson4Constructor.exe.embed.manifest.res
         Debug\Array.obj
         Debug\main.obj
       Manifest:
         C:\Program Files (x86)\Microsoft SDKs\Windows\v7.0A\bin\mt.exe /nologo /verbose /out:"Debug\C++Lesson4Constructor.exe.embed.manifest" /manifest Debug\C++Lesson4Constructor.exe.intermediate.manifest
         All outputs are up-to-date.
       LinkEmbedManifest:
         All outputs are up-to-date.
         C++Lesson4Constructor.vcxproj -> D:\Studying\C#\MyNewProjects\C++Lesson4Constructor\Debug\C++Lesson4Constructor.exe
       FinalizeBuildStatus:
         Deleting file "Debug\C++Lesson4Constructor.unsuccessfulbuild".
         Touching "Debug\C++Lesson4Constructor.lastbuildstate".
     1>Done Building Project "D:\Studying\C#\MyNewProjects\C++Lesson4Constructor\C++Lesson4Constructor\C++Lesson4Constructor.vcxproj" (build target(s)).

Build succeeded.

Time Elapsed 00:00:01.47
