Build started 23.02.2018 15:32:51.
     1>Project "D:\Studying\C#\MyNewProjects\C++Lesson3OOPBegin\C++Lesson3OOPBegin\C++Lesson3OOPBegin.vcxproj" on node 2 (build target(s)).
     1>InitializeBuildStatus:
         Creating "Debug\C++Lesson3OOPBegin.unsuccessfulbuild" because "AlwaysCreate" was specified.
       ClCompile:
         C:\Program Files (x86)\Microsoft Visual Studio 10.0\VC\bin\CL.exe /c /ZI /nologo /W3 /WX- /Od /Oy- /D WIN32 /D _DEBUG /D _CONSOLE /D _UNICODE /D UNICODE /Gm /EHsc /RTC1 /MDd /GS /fp:precise /Zc:wchar_t /Zc:forScope /Fo"Debug\\" /Fd"Debug\vc100.pdb" /Gd /TP /analyze- /errorReport:prompt main.cpp
         main.cpp
       ManifestResourceCompile:
         All outputs are up-to-date.
       Link:
         C:\Program Files (x86)\Microsoft Visual Studio 10.0\VC\bin\link.exe /ERRORREPORT:PROMPT /OUT:"D:\Studying\C#\MyNewProjects\C++Lesson3OOPBegin\Debug\C++Lesson3OOPBegin.exe" /INCREMENTAL /NOLOGO kernel32.lib user32.lib gdi32.lib winspool.lib comdlg32.lib advapi32.lib shell32.lib ole32.lib oleaut32.lib uuid.lib odbc32.lib odbccp32.lib /MANIFEST /ManifestFile:"Debug\C++Lesson3OOPBegin.exe.intermediate.manifest" /MANIFESTUAC:"level='asInvoker' uiAccess='false'" /DEBUG /PDB:"D:\Studying\C#\MyNewProjects\C++Lesson3OOPBegin\Debug\C++Lesson3OOPBegin.pdb" /SUBSYSTEM:CONSOLE /TLBID:1 /DYNAMICBASE /NXCOMPAT /IMPLIB:"D:\Studying\C#\MyNewProjects\C++Lesson3OOPBegin\Debug\C++Lesson3OOPBegin.lib" /MACHINE:X86 Debug\C++Lesson3OOPBegin.exe.embed.manifest.res
         Debug\main.obj
       Manifest:
         C:\Program Files (x86)\Microsoft SDKs\Windows\v7.0A\bin\mt.exe /nologo /verbose /out:"Debug\C++Lesson3OOPBegin.exe.embed.manifest" /manifest Debug\C++Lesson3OOPBegin.exe.intermediate.manifest
         All outputs are up-to-date.
       LinkEmbedManifest:
         All outputs are up-to-date.
         C++Lesson3OOPBegin.vcxproj -> D:\Studying\C#\MyNewProjects\C++Lesson3OOPBegin\Debug\C++Lesson3OOPBegin.exe
       FinalizeBuildStatus:
         Deleting file "Debug\C++Lesson3OOPBegin.unsuccessfulbuild".
         Touching "Debug\C++Lesson3OOPBegin.lastbuildstate".
     1>Done Building Project "D:\Studying\C#\MyNewProjects\C++Lesson3OOPBegin\C++Lesson3OOPBegin\C++Lesson3OOPBegin.vcxproj" (build target(s)).

Build succeeded.

Time Elapsed 00:00:01.28
